[codervent.com/rocker/color-version/index.html]
[backblue.gif]
[fade.gif]
[index.html]
[codervent.com/rocker/color-version/assets/images/favicon.ico]
[codervent.com/rocker/color-version/assets/images/logo-icon.png]
[codervent.com/rocker/color-version/index2.html]
[codervent.com/rocker/color-version/index3.html]
[codervent.com/rocker/color-version/index4.html]
[codervent.com/rocker/color-version/ui-typography.html]
[codervent.com/rocker/color-version/ui-buttons.html]
[codervent.com/rocker/color-version/ui-checkbox-radio.html]
[codervent.com/rocker/color-version/ui-nav-tabs.html]
[codervent.com/rocker/color-version/ui-accordions.html]
[codervent.com/rocker/color-version/ui-modals.html]
[codervent.com/rocker/color-version/ui-bootstrap-elements.html]
[codervent.com/rocker/color-version/ui-pagination.html]
[codervent.com/rocker/color-version/ui-list-groups.html]
[codervent.com/rocker/color-version/ui-alerts.html]
[codervent.com/rocker/color-version/ui-progressbars.html]
[codervent.com/rocker/color-version/ui-notification.html]
[codervent.com/rocker/color-version/ui-sweet-alert.html]
[codervent.com/rocker/color-version/calendar.html]
[codervent.com/rocker/color-version/mail-inbox.html]
[codervent.com/rocker/color-version/mail-compose.html]
[codervent.com/rocker/color-version/mail-read.html]
[codervent.com/rocker/color-version/components-grid-layouts.html]
[codervent.com/rocker/color-version/components-nestable.html]
[codervent.com/rocker/color-version/components-tree-view-menu.html]
[codervent.com/rocker/color-version/components-switcher-buttons.html]
[codervent.com/rocker/color-version/components-range-slider.html]
[codervent.com/rocker/color-version/components-vertical-timeline.html]
[codervent.com/rocker/color-version/components-horizontal-timeline.html]
[codervent.com/rocker/color-version/components-pricing-table.html]
[codervent.com/rocker/color-version/components-fancy-lightbox.html]
[codervent.com/rocker/color-version/components-image-carousel.html]
[codervent.com/rocker/color-version/components-color-palette.html]
[codervent.com/rocker/color-version/cards-image-cards.html]
[codervent.com/rocker/color-version/cards-simple-cards.html]
[codervent.com/rocker/color-version/form-inputs.html]
[codervent.com/rocker/color-version/form-input-group.html]
[codervent.com/rocker/color-version/form-layouts.html]
[codervent.com/rocker/color-version/form-advanced.html]
[codervent.com/rocker/color-version/form-validation.html]
[codervent.com/rocker/color-version/form-step-wizard.html]
[codervent.com/rocker/color-version/form-text-editor.html]
[codervent.com/rocker/color-version/form-uploads.html]
[codervent.com/rocker/color-version/icons-material-designs.html]
[codervent.com/rocker/color-version/icons-font-awesome.html]
[codervent.com/rocker/color-version/icons-themify.html]
[codervent.com/rocker/color-version/icons-simple-line-icons.html]
[codervent.com/rocker/color-version/icons-flags.html]
[codervent.com/rocker/color-version/widgets.html]
[codervent.com/rocker/color-version/table-simple-tables.html]
[codervent.com/rocker/color-version/table-header-tables.html]
[codervent.com/rocker/color-version/table-color-tables.html]
[codervent.com/rocker/color-version/table-striped-color-tables.html]
[codervent.com/rocker/color-version/table-data-tables.html]
[codervent.com/rocker/color-version/charts-morris.html]
[codervent.com/rocker/color-version/charts-chartjs.html]
[codervent.com/rocker/color-version/charts-flot.html]
[codervent.com/rocker/color-version/charts-c3-charts.html]
[codervent.com/rocker/color-version/charts-peity.html]
[codervent.com/rocker/color-version/charts-sparkline.html]
[codervent.com/rocker/color-version/charts-other.html]
[codervent.com/rocker/color-version/maps-google.html]
[codervent.com/rocker/color-version/maps-vector.html]
[codervent.com/rocker/color-version/authentication-signin.html]
[codervent.com/rocker/color-version/authentication-signin2.html]
[codervent.com/rocker/color-version/authentication-signup.html]
[codervent.com/rocker/color-version/authentication-signup2.html]
[codervent.com/rocker/color-version/authentication-reset-password.html]
[codervent.com/rocker/color-version/authentication-reset-password2.html]
[codervent.com/rocker/color-version/pages-invoice.html]
[codervent.com/rocker/color-version/pages-user-profile.html]
[codervent.com/rocker/color-version/pages-lock-screen.html]
[codervent.com/rocker/color-version/pages-blank-page.html]
[codervent.com/rocker/color-version/pages-coming-soon.html]
[codervent.com/rocker/color-version/pages-403.html]
[codervent.com/rocker/color-version/pages-404.html]
[codervent.com/rocker/color-version/pages-500.html]
[codervent.com/rocker/color-version/assets/images/avatars/avatar-1.png]
[codervent.com/rocker/color-version/assets/images/avatars/avatar-2.png]
[codervent.com/rocker/color-version/assets/images/avatars/avatar-3.png]
[codervent.com/rocker/color-version/assets/images/avatars/avatar-4.png]
[codervent.com/rocker/color-version/assets/images/avatars/avatar-17.png]
[codervent.com/rocker/color-version/assets/images/products/01.png]
[codervent.com/rocker/color-version/assets/images/products/02.png]
[codervent.com/rocker/color-version/assets/images/products/03.png]
[codervent.com/rocker/color-version/assets/images/products/04.png]
[codervent.com/rocker/color-version/assets/images/products/05.png]
[codervent.com/rocker/color-version/assets/js/jquery.min.js]
[codervent.com/rocker/color-version/assets/js/popper.min.js]
[codervent.com/rocker/color-version/assets/js/bootstrap.min.js]
[codervent.com/rocker/color-version/assets/plugins/simplebar/js/simplebar.js]
[codervent.com/rocker/color-version/assets/js/waves.js]
[codervent.com/rocker/color-version/assets/js/sidebar-menu.js]
[codervent.com/rocker/color-version/assets/js/app-script.js]
[codervent.com/rocker/color-version/assets/plugins/vectormap/jquery-jvectormap-2.0.2.min.js]
[codervent.com/rocker/color-version/assets/plugins/vectormap/jquery-jvectormap-world-mill-en.js]
[codervent.com/rocker/color-version/assets/plugins/Chart.js/Chart.min.js]
[codervent.com/rocker/color-version/assets/js/index.js]
[codervent.com/rocker/color-version/index.html]
[codervent.com/rocker/color-version/assets/plugins/vectormap/jquery-jvectormap-2.0.2.css]
[codervent.com/rocker/color-version/assets/plugins/simplebar/css/simplebar.css]
[codervent.com/rocker/color-version/assets/css/bootstrap.min.css]
[codervent.com/rocker/color-version/assets/css/animate.css]
[codervent.com/rocker/color-version/assets/fonts/Material-Design-Iconic-Fontd1f1.woff2]
[codervent.com/rocker/color-version/assets/fonts/Material-Design-Iconic-Fontd1f1.woff]
[codervent.com/rocker/color-version/assets/fonts/Material-Design-Iconic-Fontd1f1.ttf]
[codervent.com/rocker/color-version/assets/fonts/fontawesome-webfont3e6e.eot]
[codervent.com/rocker/color-version/assets/fonts/fontawesome-webfontd41d.eot]
[codervent.com/rocker/color-version/assets/fonts/fontawesome-webfont3e6e.woff2]
[codervent.com/rocker/color-version/assets/fonts/fontawesome-webfont3e6e.woff]
[codervent.com/rocker/color-version/assets/fonts/fontawesome-webfont3e6e.ttf]
[codervent.com/rocker/color-version/assets/fonts/themify9f24.eot]
[codervent.com/rocker/color-version/assets/fonts/themifyd41d.eot]
[codervent.com/rocker/color-version/assets/fonts/themify9f24.woff]
[codervent.com/rocker/color-version/assets/fonts/themify9f24.ttf]
[codervent.com/rocker/color-version/assets/fonts/Simple-Line-Iconsb26c.eot]
[codervent.com/rocker/color-version/assets/fonts/Simple-Line-Iconsb26c.woff2]
[codervent.com/rocker/color-version/assets/fonts/Simple-Line-Iconsb26c.ttf]
[codervent.com/rocker/color-version/assets/fonts/Simple-Line-Iconsb26c.woff]
[codervent.com/rocker/color-version/assets/fonts/weathericons-regular-webfont.eot]
[codervent.com/rocker/color-version/assets/fonts/weathericons-regular-webfontd41d.eot]
[codervent.com/rocker/color-version/assets/fonts/weathericons-regular-webfont.woff2]
[codervent.com/rocker/color-version/assets/css/icons.css]
[codervent.com/rocker/color-version/assets/css/sidebar-menu.css]
[codervent.com/rocker/color-version/assets/images/bg-pattern.png]
[codervent.com/rocker/color-version/assets/images/authentication-img.png]
[codervent.com/rocker/color-version/assets/images/error-texture.png]
[codervent.com/rocker/color-version/assets/images/coming-soon.png]
[codervent.com/rocker/color-version/assets/css/app-style.css]
[codervent.com/rocker/color-version/assets/js/index2.js]
[codervent.com/rocker/color-version/index2.html]
[codervent.com/rocker/color-version/assets/plugins/sparkline-charts/jquery.sparkline.min.js]
[codervent.com/rocker/color-version/assets/plugins/raphael/raphael-min.js]
[codervent.com/rocker/color-version/assets/plugins/morris/js/morris.js]
[codervent.com/rocker/color-version/assets/js/index3.js]
[codervent.com/rocker/color-version/index3.html]
[codervent.com/rocker/color-version/assets/js/index4.js]
[codervent.com/rocker/color-version/index4.html]
[codervent.com/rocker/color-version/ui-typography.html]
[codervent.com/rocker/color-version/ui-buttons.html]
[codervent.com/rocker/color-version/ui-checkbox-radio.html]
[codervent.com/rocker/color-version/ui-nav-tabs.html]
[codervent.com/rocker/color-version/ui-accordions.html]
[codervent.com/rocker/color-version/ui-modals.html]
[codervent.com/rocker/color-version/ui-bootstrap-elements.html]
[codervent.com/rocker/color-version/ui-pagination.html]
[codervent.com/rocker/color-version/ui-list-groups.html]
[codervent.com/rocker/color-version/ui-alerts.html]
[codervent.com/rocker/color-version/ui-progressbars.html]
[codervent.com/rocker/color-version/assets/plugins/notifications/js/lobibox.min.js]
[codervent.com/rocker/color-version/assets/plugins/notifications/js/notifications.min.js]
[codervent.com/rocker/color-version/assets/plugins/notifications/js/notification-custom-script.js]
[codervent.com/rocker/color-version/ui-notification.html]
[codervent.com/rocker/color-version/assets/plugins/alerts-boxes/js/sweetalert.min.js]
[codervent.com/rocker/color-version/assets/plugins/alerts-boxes/js/sweet-alert-script.js]
[codervent.com/rocker/color-version/ui-sweet-alert.html]
[codervent.com/rocker/color-version/assets/plugins/fullcalendar/js/moment.min.js]
[codervent.com/rocker/color-version/assets/plugins/fullcalendar/js/fullcalendar.min.js]
[codervent.com/rocker/color-version/assets/plugins/fullcalendar/js/fullcalendar-custom-script.js]
[codervent.com/rocker/color-version/calendar.html]
[codervent.com/rocker/color-version/mail-inbox.html]
[codervent.com/rocker/color-version/assets/plugins/summernote/dist/summernote-bs4.min.js]
[codervent.com/rocker/color-version/mail-compose.html]
[codervent.com/rocker/color-version/assets/images/gallery/2.jpg]
[codervent.com/rocker/color-version/assets/images/gallery/3.jpg]
[codervent.com/rocker/color-version/assets/images/gallery/4.jpg]
[codervent.com/rocker/color-version/mail-read.html]
[codervent.com/rocker/color-version/components-grid-layouts.html]
[codervent.com/rocker/color-version/assets/plugins/nestable/js/jquery.nestable.js]
[codervent.com/rocker/color-version/components-nestable.html]
[codervent.com/rocker/color-version/assets/plugins/bootstrap-treeview/js/bootstrap-treeview.min.js]
[codervent.com/rocker/color-version/assets/plugins/bootstrap-treeview/js/treeview-custom-script.js]
[codervent.com/rocker/color-version/components-tree-view-menu.html]
[codervent.com/rocker/color-version/assets/plugins/switchery/js/switchery.min.js]
[codervent.com/rocker/color-version/assets/plugins/bootstrap-switch/bootstrap-switch.min.js]
[codervent.com/rocker/color-version/components-switcher-buttons.html]
[codervent.com/rocker/color-version/assets/plugins/ion-rangeslider/js/ion.rangeSlider.min.js]
[codervent.com/rocker/color-version/assets/plugins/ion-rangeslider/js/range-slider-script.js]
[codervent.com/rocker/color-version/components-range-slider.html]
[codervent.com/rocker/color-version/assets/plugins/vertical-timeline/js/vertical-timeline.js]
[codervent.com/rocker/color-version/components-vertical-timeline.html]
[codervent.com/rocker/color-version/assets/plugins/horizontal-timeline/js/horizontal-timeline.js]
[codervent.com/rocker/color-version/components-horizontal-timeline.html]
[codervent.com/rocker/color-version/components-pricing-table.html]
[codervent.com/rocker/color-version/assets/images/fancybox/big/big-img-1.jpg]
[codervent.com/rocker/color-version/assets/images/fancybox/small/small-img-1.jpg]
[codervent.com/rocker/color-version/assets/images/fancybox/big/big-img-2.jpg]
[codervent.com/rocker/color-version/assets/images/fancybox/small/small-img-2.jpg]
[codervent.com/rocker/color-version/assets/images/fancybox/big/big-img-3.jpg]
[codervent.com/rocker/color-version/assets/images/fancybox/small/small-img-3.jpg]
[codervent.com/rocker/color-version/assets/images/fancybox/big/big-img-4.jpg]
[codervent.com/rocker/color-version/assets/images/fancybox/small/small-img-4.jpg]
[codervent.com/rocker/color-version/assets/images/fancybox/big/big-img-5.jpg]
[codervent.com/rocker/color-version/assets/images/fancybox/small/small-img-5.jpg]
[codervent.com/rocker/color-version/assets/images/fancybox/big/big-img-6.jpg]
[codervent.com/rocker/color-version/assets/images/fancybox/small/small-img-6.jpg]
[codervent.com/rocker/color-version/assets/images/fancybox/big/big-img-7.jpg]
[codervent.com/rocker/color-version/assets/images/fancybox/small/small-img-7.jpg]
[codervent.com/rocker/color-version/assets/images/fancybox/big/big-img-8.jpg]
[codervent.com/rocker/color-version/assets/images/fancybox/small/small-img-8.jpg]
[codervent.com/rocker/color-version/assets/images/fancybox/big/big-img-9.jpg]
[codervent.com/rocker/color-version/assets/images/fancybox/small/small-img-9.jpg]
[codervent.com/rocker/color-version/assets/images/fancybox/big/big-img-10.jpg]
[codervent.com/rocker/color-version/assets/images/fancybox/small/small-img-10.jpg]
[codervent.com/rocker/color-version/assets/images/fancybox/big/big-img-11.jpg]
[codervent.com/rocker/color-version/assets/images/fancybox/small/small-img-11.jpg]
[codervent.com/rocker/color-version/assets/images/fancybox/big/big-img-12.jpg]
[codervent.com/rocker/color-version/assets/images/fancybox/small/small-img-12.jpg]
[codervent.com/rocker/color-version/assets/images/fancybox/big/big-img-13.jpg]
[codervent.com/rocker/color-version/assets/images/fancybox/small/small-img-13.jpg]
[codervent.com/rocker/color-version/assets/images/fancybox/big/big-img-14.jpg]
[codervent.com/rocker/color-version/assets/images/fancybox/small/small-img-14.jpg]
[codervent.com/rocker/color-version/assets/images/fancybox/big/big-img-15.jpg]
[codervent.com/rocker/color-version/assets/images/fancybox/small/small-img-15.jpg]
[codervent.com/rocker/color-version/assets/images/fancybox/big/big-img-16.jpg]
[codervent.com/rocker/color-version/assets/images/fancybox/small/small-img-16.jpg]
[codervent.com/rocker/color-version/assets/plugins/fancybox/js/jquery.fancybox.min.js]
[codervent.com/rocker/color-version/components-fancy-lightbox.html]
[codervent.com/rocker/color-version/assets/images/gallery/carousel-img-1.png]
[codervent.com/rocker/color-version/assets/images/gallery/carousel-img-2.png]
[codervent.com/rocker/color-version/assets/images/gallery/carousel-img-3.png]
[codervent.com/rocker/color-version/assets/images/gallery/carousel-img-4.png]
[codervent.com/rocker/color-version/assets/images/gallery/carousel-img-5.png]
[codervent.com/rocker/color-version/components-image-carousel.html]
[codervent.com/rocker/color-version/components-color-palette.html]
[codervent.com/rocker/color-version/assets/images/gallery/1.jpg]
[codervent.com/rocker/color-version/assets/images/gallery/5.jpg]
[codervent.com/rocker/color-version/assets/images/gallery/6.jpg]
[codervent.com/rocker/color-version/assets/images/gallery/7.jpg]
[codervent.com/rocker/color-version/assets/images/gallery/8.jpg]
[codervent.com/rocker/color-version/assets/images/gallery/9.jpg]
[codervent.com/rocker/color-version/assets/images/gallery/10.jpg]
[codervent.com/rocker/color-version/assets/images/gallery/26.jpg]
[codervent.com/rocker/color-version/assets/images/gallery/12.jpg]
[codervent.com/rocker/color-version/assets/images/gallery/13.jpg]
[codervent.com/rocker/color-version/assets/images/gallery/14.jpg]
[codervent.com/rocker/color-version/assets/images/gallery/15.jpg]
[codervent.com/rocker/color-version/assets/images/gallery/16.jpg]
[codervent.com/rocker/color-version/assets/images/gallery/17.jpg]
[codervent.com/rocker/color-version/assets/images/gallery/18.jpg]
[codervent.com/rocker/color-version/assets/images/gallery/19.jpg]
[codervent.com/rocker/color-version/assets/images/gallery/20.jpg]
[codervent.com/rocker/color-version/assets/images/gallery/21.jpg]
[codervent.com/rocker/color-version/assets/images/gallery/22.jpg]
[codervent.com/rocker/color-version/assets/images/gallery/23.jpg]
[codervent.com/rocker/color-version/assets/images/gallery/24.jpg]
[codervent.com/rocker/color-version/cards-image-cards.html]
[codervent.com/rocker/color-version/cards-simple-cards.html]
[codervent.com/rocker/color-version/form-inputs.html]
[codervent.com/rocker/color-version/form-input-group.html]
[codervent.com/rocker/color-version/form-layouts.html]
[codervent.com/rocker/color-version/assets/plugins/bootstrap-touchspin/js/jquery.bootstrap-touchspin.js]
[codervent.com/rocker/color-version/assets/plugins/bootstrap-touchspin/js/bootstrap-touchspin-script.js]
[codervent.com/rocker/color-version/assets/plugins/select2/js/select2.min.js]
[codervent.com/rocker/color-version/assets/plugins/inputtags/js/bootstrap-tagsinput.js]
[codervent.com/rocker/color-version/assets/plugins/bootstrap-datepicker/js/bootstrap-datepicker.min.js]
[codervent.com/rocker/color-version/assets/plugins/jquery-multi-select/jquery.multi-select.js]
[codervent.com/rocker/color-version/assets/plugins/jquery-multi-select/jquery.quicksearch.js]
[codervent.com/rocker/color-version/form-advanced.html]
[codervent.com/rocker/color-version/assets/plugins/jquery-validation/js/jquery.validate.min.js]
[codervent.com/rocker/color-version/form-validation.html]
[codervent.com/rocker/color-version/assets/plugins/jquery.steps/js/jquery.steps.min.js]
[codervent.com/rocker/color-version/assets/plugins/jquery.steps/js/jquery.wizard-init.js]
[codervent.com/rocker/color-version/form-step-wizard.html]
[codervent.com/rocker/color-version/assets/images/gallery/modal-img.jpg]
[codervent.com/rocker/color-version/form-text-editor.html]
[codervent.com/rocker/color-version/assets/plugins/dropzone/js/dropzone.js]
[codervent.com/rocker/color-version/form-uploads.html]
[codervent.com/rocker/color-version/icons-material-designs.html]
[codervent.com/rocker/color-version/icons-font-awesome.html]
[codervent.com/rocker/color-version/icons-themify.html]
[codervent.com/rocker/color-version/icons-simple-line-icons.html]
[codervent.com/rocker/color-version/icons-flags.html]
[codervent.com/rocker/color-version/assets/js/widgets.js]
[codervent.com/rocker/color-version/widgets.html]
[codervent.com/rocker/color-version/table-simple-tables.html]
[codervent.com/rocker/color-version/table-header-tables.html]
[codervent.com/rocker/color-version/table-color-tables.html]
[codervent.com/rocker/color-version/table-striped-color-tables.html]
[codervent.com/rocker/color-version/assets/plugins/bootstrap-datatable/js/jquery.dataTables.min.js]
[codervent.com/rocker/color-version/assets/plugins/bootstrap-datatable/js/dataTables.bootstrap4.min.js]
[codervent.com/rocker/color-version/assets/plugins/bootstrap-datatable/js/dataTables.buttons.min.js]
[codervent.com/rocker/color-version/assets/plugins/bootstrap-datatable/js/jszip.min.js]
[codervent.com/rocker/color-version/assets/plugins/bootstrap-datatable/js/pdfmake.min.js]
[codervent.com/rocker/color-version/assets/plugins/bootstrap-datatable/js/vfs_fonts.js]
[codervent.com/rocker/color-version/assets/plugins/bootstrap-datatable/js/buttons.html5.min.js]
[codervent.com/rocker/color-version/assets/plugins/bootstrap-datatable/js/buttons.print.min.js]
[codervent.com/rocker/color-version/assets/plugins/bootstrap-datatable/js/buttons.colVis.min.js]
[codervent.com/rocker/color-version/table-data-tables.html]
[codervent.com/rocker/color-version/assets/plugins/morris/js/morris-data.js]
[codervent.com/rocker/color-version/charts-morris.html]
[codervent.com/rocker/color-version/charts-chartjs.html]
[codervent.com/rocker/color-version/assets/plugins/flot/jquery.flot.js]
[codervent.com/rocker/color-version/assets/plugins/flot/jquery.flot.resize.js]
[codervent.com/rocker/color-version/assets/plugins/flot/jquery.flot.fillbetween.js]
[codervent.com/rocker/color-version/assets/plugins/flot/jquery.flot.stack.js]
[codervent.com/rocker/color-version/assets/plugins/flot/jquery.flot.pie.js]
[codervent.com/rocker/color-version/assets/plugins/flot/float-chart.js]
[codervent.com/rocker/color-version/charts-flot.html]
[codervent.com/rocker/color-version/assets/plugins/d3/d3.min.js]
[codervent.com/rocker/color-version/assets/plugins/c3/js/c3.min.js]
[codervent.com/rocker/color-version/assets/plugins/c3/js/c3.js]
[codervent.com/rocker/color-version/charts-c3-charts.html]
[codervent.com/rocker/color-version/assets/plugins/peity/jquery.peity.min.js]
[codervent.com/rocker/color-version/assets/plugins/peity/jquery.peity.init.js]
[codervent.com/rocker/color-version/charts-peity.html]
[codervent.com/rocker/color-version/assets/plugins/sparkline-charts/sparkline-chart-script.js]
[codervent.com/rocker/color-version/charts-sparkline.html]
[codervent.com/rocker/color-version/assets/plugins/jquery.easy-pie-chart/jquery.easypiechart.min.js]
[codervent.com/rocker/color-version/assets/plugins/jquery.easy-pie-chart/easy-pie-chart.init.js]
[codervent.com/rocker/color-version/assets/plugins/jquery-knob/excanvas.js]
[codervent.com/rocker/color-version/assets/plugins/jquery-knob/jquery.knob.js]
[codervent.com/rocker/color-version/charts-other.html]
[codervent.com/rocker/color-version/assets/plugins/gmaps/map-custom-script.js]
[codervent.com/rocker/color-version/maps-google.html]
[codervent.com/rocker/color-version/assets/plugins/vectormap/jquery-jvectormap-in-mill.js]
[codervent.com/rocker/color-version/assets/plugins/vectormap/jquery-jvectormap-us-aea-en.js]
[codervent.com/rocker/color-version/assets/plugins/vectormap/jquery-jvectormap-uk-mill-en.js]
[codervent.com/rocker/color-version/assets/plugins/vectormap/jquery-jvectormap-au-mill.js]
[codervent.com/rocker/color-version/maps-vector.html]
[codervent.com/rocker/color-version/authentication-signin.html]
[codervent.com/rocker/color-version/authentication-signin2.html]
[codervent.com/rocker/color-version/authentication-signup.html]
[codervent.com/rocker/color-version/authentication-signup2.html]
[codervent.com/rocker/color-version/authentication-reset-password.html]
[codervent.com/rocker/color-version/authentication-reset-password2.html]
[codervent.com/rocker/color-version/assets/images/payment-icons/visa-dark.png]
[codervent.com/rocker/color-version/assets/images/payment-icons/mastro-dark.png]
[codervent.com/rocker/color-version/assets/images/payment-icons/american-dark.png]
[codervent.com/rocker/color-version/assets/images/payment-icons/paypal-dark.png]
[codervent.com/rocker/color-version/pages-invoice.html]
[codervent.com/rocker/color-version/assets/images/avatars/avatar-22.png]
[codervent.com/rocker/color-version/pages-user-profile.html]
[codervent.com/rocker/color-version/assets/images/avatars/avatar-18.png]
[codervent.com/rocker/color-version/pages-lock-screen.html]
[codervent.com/rocker/color-version/pages-blank-page.html]
[codervent.com/rocker/color-version/pages-coming-soon.html]
[codervent.com/rocker/color-version/pages-403.html]
[codervent.com/rocker/color-version/pages-404.html]
[codervent.com/rocker/color-version/pages-500.html]
[codervent.com/rocker/color-version/assets/fonts/fontawesome-webfont3e6e.svg]
[codervent.com/rocker/color-version/assets/fonts/themify9f24.svg]
[codervent.com/rocker/color-version/assets/fonts/Simple-Line-Iconsb26c.svg]
[codervent.com/rocker/color-version/assets/font/weathericons-regular-webfont.html]
[codervent.com/rocker/color-version/assets/font/weathericons-regular-webfont-2.html]
[codervent.com/rocker/color-version/assets/font/weathericons-regular-webfont-3.html]
[codervent.com/rocker/color-version/assets/flags/4x3/ad.svg]
[codervent.com/rocker/color-version/assets/flags/1x1/ad.svg]
[codervent.com/rocker/color-version/assets/flags/4x3/ae.svg]
[codervent.com/rocker/color-version/assets/flags/1x1/ae.svg]
[codervent.com/rocker/color-version/assets/flags/4x3/af.svg]
[codervent.com/rocker/color-version/assets/flags/1x1/af.svg]
[codervent.com/rocker/color-version/assets/flags/4x3/ag.svg]
[codervent.com/rocker/color-version/assets/flags/1x1/ag.svg]
[codervent.com/rocker/color-version/assets/flags/4x3/ai.svg]
[codervent.com/rocker/color-version/assets/flags/1x1/ai.svg]
[codervent.com/rocker/color-version/assets/flags/4x3/al.svg]
[codervent.com/rocker/color-version/assets/flags/1x1/al.svg]
[codervent.com/rocker/color-version/assets/flags/4x3/am.svg]
[codervent.com/rocker/color-version/assets/flags/1x1/am.svg]
[codervent.com/rocker/color-version/assets/flags/4x3/ao.svg]
[codervent.com/rocker/color-version/assets/flags/1x1/ao.svg]
[codervent.com/rocker/color-version/assets/flags/4x3/aq.svg]
[codervent.com/rocker/color-version/assets/flags/1x1/aq.svg]
[codervent.com/rocker/color-version/assets/flags/4x3/ar.svg]
[codervent.com/rocker/color-version/assets/flags/1x1/ar.svg]
[codervent.com/rocker/color-version/assets/flags/4x3/as.svg]
[codervent.com/rocker/color-version/assets/flags/1x1/as.svg]
[codervent.com/rocker/color-version/assets/flags/4x3/at.svg]
[codervent.com/rocker/color-version/assets/flags/1x1/at.svg]
[codervent.com/rocker/color-version/assets/flags/4x3/au.svg]
[codervent.com/rocker/color-version/assets/flags/1x1/au.svg]
[codervent.com/rocker/color-version/assets/flags/4x3/aw.svg]
[codervent.com/rocker/color-version/assets/flags/1x1/aw.svg]
[codervent.com/rocker/color-version/assets/flags/4x3/ax.svg]
[codervent.com/rocker/color-version/assets/flags/1x1/ax.svg]
[codervent.com/rocker/color-version/assets/flags/4x3/az.svg]
[codervent.com/rocker/color-version/assets/flags/1x1/az.svg]
[codervent.com/rocker/color-version/assets/flags/4x3/ba.svg]
[codervent.com/rocker/color-version/assets/flags/1x1/ba.svg]
[codervent.com/rocker/color-version/assets/flags/4x3/bb.svg]
[codervent.com/rocker/color-version/assets/flags/1x1/bb.svg]
[codervent.com/rocker/color-version/assets/flags/4x3/bd.svg]
[codervent.com/rocker/color-version/assets/flags/1x1/bd.svg]
[codervent.com/rocker/color-version/assets/flags/4x3/be.svg]
[codervent.com/rocker/color-version/assets/flags/1x1/be.svg]
[codervent.com/rocker/color-version/assets/flags/4x3/bf.svg]
[codervent.com/rocker/color-version/assets/flags/1x1/bf.svg]
[codervent.com/rocker/color-version/assets/flags/4x3/bg.svg]
[codervent.com/rocker/color-version/assets/flags/1x1/bg.svg]
[codervent.com/rocker/color-version/assets/flags/4x3/bh.svg]
[codervent.com/rocker/color-version/assets/flags/1x1/bh.svg]
[codervent.com/rocker/color-version/assets/flags/4x3/bi.svg]
[codervent.com/rocker/color-version/assets/flags/1x1/bi.svg]
[codervent.com/rocker/color-version/assets/flags/4x3/bj.svg]
[codervent.com/rocker/color-version/assets/flags/1x1/bj.svg]
[codervent.com/rocker/color-version/assets/flags/4x3/bl.svg]
[codervent.com/rocker/color-version/assets/flags/1x1/bl.svg]
[codervent.com/rocker/color-version/assets/flags/4x3/bm.svg]
[codervent.com/rocker/color-version/assets/flags/1x1/bm.svg]
[codervent.com/rocker/color-version/assets/flags/4x3/bn.svg]
[codervent.com/rocker/color-version/assets/flags/1x1/bn.svg]
[codervent.com/rocker/color-version/assets/flags/4x3/bo.svg]
[codervent.com/rocker/color-version/assets/flags/1x1/bo.svg]
[codervent.com/rocker/color-version/assets/flags/4x3/bq.svg]
[codervent.com/rocker/color-version/assets/flags/1x1/bq.svg]
[codervent.com/rocker/color-version/assets/flags/4x3/br.svg]
[codervent.com/rocker/color-version/assets/flags/1x1/br.svg]
[codervent.com/rocker/color-version/assets/flags/4x3/bs.svg]
[codervent.com/rocker/color-version/assets/flags/1x1/bs.svg]
[codervent.com/rocker/color-version/assets/flags/4x3/bt.svg]
[codervent.com/rocker/color-version/assets/flags/1x1/bt.svg]
[codervent.com/rocker/color-version/assets/flags/4x3/bv.svg]
[codervent.com/rocker/color-version/assets/flags/1x1/bv.svg]
[codervent.com/rocker/color-version/assets/flags/4x3/bw.svg]
[codervent.com/rocker/color-version/assets/flags/1x1/bw.svg]
[codervent.com/rocker/color-version/assets/flags/4x3/by.svg]
[codervent.com/rocker/color-version/assets/flags/1x1/by.svg]
[codervent.com/rocker/color-version/assets/flags/4x3/bz.svg]
[codervent.com/rocker/color-version/assets/flags/1x1/bz.svg]
[codervent.com/rocker/color-version/assets/flags/4x3/ca.svg]
[codervent.com/rocker/color-version/assets/flags/1x1/ca.svg]
[codervent.com/rocker/color-version/assets/flags/4x3/cc.svg]
[codervent.com/rocker/color-version/assets/flags/1x1/cc.svg]
[codervent.com/rocker/color-version/assets/flags/4x3/cd.svg]
[codervent.com/rocker/color-version/assets/flags/1x1/cd.svg]
[codervent.com/rocker/color-version/assets/flags/4x3/cf.svg]
[codervent.com/rocker/color-version/assets/flags/1x1/cf.svg]
[codervent.com/rocker/color-version/assets/flags/4x3/cg.svg]
[codervent.com/rocker/color-version/assets/flags/1x1/cg.svg]
[codervent.com/rocker/color-version/assets/flags/4x3/ch.svg]
[codervent.com/rocker/color-version/assets/flags/1x1/ch.svg]
[codervent.com/rocker/color-version/assets/flags/4x3/ci.svg]
[codervent.com/rocker/color-version/assets/flags/1x1/ci.svg]
[codervent.com/rocker/color-version/assets/flags/4x3/ck.svg]
[codervent.com/rocker/color-version/assets/flags/1x1/ck.svg]
[codervent.com/rocker/color-version/assets/flags/4x3/cl.svg]
[codervent.com/rocker/color-version/assets/flags/1x1/cl.svg]
[codervent.com/rocker/color-version/assets/flags/4x3/cm.svg]
[codervent.com/rocker/color-version/assets/flags/1x1/cm.svg]
[codervent.com/rocker/color-version/assets/flags/4x3/cn.svg]
[codervent.com/rocker/color-version/assets/flags/1x1/cn.svg]
[codervent.com/rocker/color-version/assets/flags/4x3/co.svg]
[codervent.com/rocker/color-version/assets/flags/1x1/co.svg]
[codervent.com/rocker/color-version/assets/flags/4x3/cr.svg]
[codervent.com/rocker/color-version/assets/flags/1x1/cr.svg]
[codervent.com/rocker/color-version/assets/flags/4x3/cu.svg]
[codervent.com/rocker/color-version/assets/flags/1x1/cu.svg]
[codervent.com/rocker/color-version/assets/flags/4x3/cv.svg]
[codervent.com/rocker/color-version/assets/flags/1x1/cv.svg]
[codervent.com/rocker/color-version/assets/flags/4x3/cw.svg]
[codervent.com/rocker/color-version/assets/flags/1x1/cw.svg]
[codervent.com/rocker/color-version/assets/flags/4x3/cx.svg]
[codervent.com/rocker/color-version/assets/flags/1x1/cx.svg]
[codervent.com/rocker/color-version/assets/flags/4x3/cy.svg]
[codervent.com/rocker/color-version/assets/flags/1x1/cy.svg]
[codervent.com/rocker/color-version/assets/flags/4x3/cz.svg]
[codervent.com/rocker/color-version/assets/flags/1x1/cz.svg]
[codervent.com/rocker/color-version/assets/flags/4x3/de.svg]
[codervent.com/rocker/color-version/assets/flags/1x1/de.svg]
[codervent.com/rocker/color-version/assets/flags/4x3/dj.svg]
[codervent.com/rocker/color-version/assets/flags/1x1/dj.svg]
[codervent.com/rocker/color-version/assets/flags/4x3/dk.svg]
[codervent.com/rocker/color-version/assets/flags/1x1/dk.svg]
[codervent.com/rocker/color-version/assets/flags/4x3/dm.svg]
[codervent.com/rocker/color-version/assets/flags/1x1/dm.svg]
[codervent.com/rocker/color-version/assets/flags/4x3/do.svg]
[codervent.com/rocker/color-version/assets/flags/1x1/do.svg]
[codervent.com/rocker/color-version/assets/flags/4x3/dz.svg]
[codervent.com/rocker/color-version/assets/flags/1x1/dz.svg]
[codervent.com/rocker/color-version/assets/flags/4x3/ec.svg]
[codervent.com/rocker/color-version/assets/flags/1x1/ec.svg]
[codervent.com/rocker/color-version/assets/flags/4x3/ee.svg]
[codervent.com/rocker/color-version/assets/flags/1x1/ee.svg]
[codervent.com/rocker/color-version/assets/flags/4x3/eg.svg]
[codervent.com/rocker/color-version/assets/flags/1x1/eg.svg]
[codervent.com/rocker/color-version/assets/flags/4x3/eh.svg]
[codervent.com/rocker/color-version/assets/flags/1x1/eh.svg]
[codervent.com/rocker/color-version/assets/flags/4x3/er.svg]
[codervent.com/rocker/color-version/assets/flags/1x1/er.svg]
[codervent.com/rocker/color-version/assets/flags/4x3/es.svg]
[codervent.com/rocker/color-version/assets/flags/1x1/es.svg]
[codervent.com/rocker/color-version/assets/flags/4x3/et.svg]
[codervent.com/rocker/color-version/assets/flags/1x1/et.svg]
[codervent.com/rocker/color-version/assets/flags/4x3/fi.svg]
[codervent.com/rocker/color-version/assets/flags/1x1/fi.svg]
[codervent.com/rocker/color-version/assets/flags/4x3/fj.svg]
[codervent.com/rocker/color-version/assets/flags/1x1/fj.svg]
[codervent.com/rocker/color-version/assets/flags/4x3/fk.svg]
[codervent.com/rocker/color-version/assets/flags/1x1/fk.svg]
[codervent.com/rocker/color-version/assets/flags/4x3/fm.svg]
[codervent.com/rocker/color-version/assets/flags/1x1/fm.svg]
[codervent.com/rocker/color-version/assets/flags/4x3/fo.svg]
[codervent.com/rocker/color-version/assets/flags/1x1/fo.svg]
[codervent.com/rocker/color-version/assets/flags/4x3/fr.svg]
[codervent.com/rocker/color-version/assets/flags/1x1/fr.svg]
[codervent.com/rocker/color-version/assets/flags/4x3/ga.svg]
[codervent.com/rocker/color-version/assets/flags/1x1/ga.svg]
[codervent.com/rocker/color-version/assets/flags/4x3/gb.svg]
[codervent.com/rocker/color-version/assets/flags/1x1/gb.svg]
[codervent.com/rocker/color-version/assets/flags/4x3/gd.svg]
[codervent.com/rocker/color-version/assets/flags/1x1/gd.svg]
[codervent.com/rocker/color-version/assets/flags/4x3/ge.svg]
[codervent.com/rocker/color-version/assets/flags/1x1/ge.svg]
[codervent.com/rocker/color-version/assets/flags/4x3/gf.svg]
[codervent.com/rocker/color-version/assets/flags/1x1/gf.svg]
[codervent.com/rocker/color-version/assets/flags/4x3/gg.svg]
[codervent.com/rocker/color-version/assets/flags/1x1/gg.svg]
[codervent.com/rocker/color-version/assets/flags/4x3/gh.svg]
[codervent.com/rocker/color-version/assets/flags/1x1/gh.svg]
[codervent.com/rocker/color-version/assets/flags/4x3/gi.svg]
[codervent.com/rocker/color-version/assets/flags/1x1/gi.svg]
[codervent.com/rocker/color-version/assets/flags/4x3/gl.svg]
[codervent.com/rocker/color-version/assets/flags/1x1/gl.svg]
[codervent.com/rocker/color-version/assets/flags/4x3/gm.svg]
[codervent.com/rocker/color-version/assets/flags/1x1/gm.svg]
[codervent.com/rocker/color-version/assets/flags/4x3/gn.svg]
[codervent.com/rocker/color-version/assets/flags/1x1/gn.svg]
[codervent.com/rocker/color-version/assets/flags/4x3/gp.svg]
[codervent.com/rocker/color-version/assets/flags/1x1/gp.svg]
[codervent.com/rocker/color-version/assets/flags/4x3/gq.svg]
[codervent.com/rocker/color-version/assets/flags/1x1/gq.svg]
[codervent.com/rocker/color-version/assets/flags/4x3/gr.svg]
[codervent.com/rocker/color-version/assets/flags/1x1/gr.svg]
[codervent.com/rocker/color-version/assets/flags/4x3/gs.svg]
[codervent.com/rocker/color-version/assets/flags/1x1/gs.svg]
[codervent.com/rocker/color-version/assets/flags/4x3/gt.svg]
[codervent.com/rocker/color-version/assets/flags/1x1/gt.svg]
[codervent.com/rocker/color-version/assets/flags/4x3/gu.svg]
[codervent.com/rocker/color-version/assets/flags/1x1/gu.svg]
[codervent.com/rocker/color-version/assets/flags/4x3/gw.svg]
[codervent.com/rocker/color-version/assets/flags/1x1/gw.svg]
[codervent.com/rocker/color-version/assets/flags/4x3/gy.svg]
[codervent.com/rocker/color-version/assets/flags/1x1/gy.svg]
[codervent.com/rocker/color-version/assets/flags/4x3/hk.svg]
[codervent.com/rocker/color-version/assets/flags/1x1/hk.svg]
[codervent.com/rocker/color-version/assets/flags/4x3/hm.svg]
[codervent.com/rocker/color-version/assets/flags/1x1/hm.svg]
[codervent.com/rocker/color-version/assets/flags/4x3/hn.svg]
[codervent.com/rocker/color-version/assets/flags/1x1/hn.svg]
[codervent.com/rocker/color-version/assets/flags/4x3/hr.svg]
[codervent.com/rocker/color-version/assets/flags/1x1/hr.svg]
[codervent.com/rocker/color-version/assets/flags/4x3/ht.svg]
[codervent.com/rocker/color-version/assets/flags/1x1/ht.svg]
[codervent.com/rocker/color-version/assets/flags/4x3/hu.svg]
[codervent.com/rocker/color-version/assets/flags/1x1/hu.svg]
[codervent.com/rocker/color-version/assets/flags/4x3/id.svg]
[codervent.com/rocker/color-version/assets/flags/1x1/id.svg]
[codervent.com/rocker/color-version/assets/flags/4x3/ie.svg]
[codervent.com/rocker/color-version/assets/flags/1x1/ie.svg]
[codervent.com/rocker/color-version/assets/flags/4x3/il.svg]
[codervent.com/rocker/color-version/assets/flags/1x1/il.svg]
[codervent.com/rocker/color-version/assets/flags/4x3/im.svg]
[codervent.com/rocker/color-version/assets/flags/1x1/im.svg]
[codervent.com/rocker/color-version/assets/flags/4x3/in.svg]
[codervent.com/rocker/color-version/assets/flags/1x1/in.svg]
[codervent.com/rocker/color-version/assets/flags/4x3/io.svg]
[codervent.com/rocker/color-version/assets/flags/1x1/io.svg]
[codervent.com/rocker/color-version/assets/flags/4x3/iq.svg]
[codervent.com/rocker/color-version/assets/flags/1x1/iq.svg]
[codervent.com/rocker/color-version/assets/flags/4x3/ir.svg]
[codervent.com/rocker/color-version/assets/flags/1x1/ir.svg]
[codervent.com/rocker/color-version/assets/flags/4x3/is.svg]
[codervent.com/rocker/color-version/assets/flags/1x1/is.svg]
[codervent.com/rocker/color-version/assets/flags/4x3/it.svg]
[codervent.com/rocker/color-version/assets/flags/1x1/it.svg]
[codervent.com/rocker/color-version/assets/flags/4x3/je.svg]
[codervent.com/rocker/color-version/assets/flags/1x1/je.svg]
[codervent.com/rocker/color-version/assets/flags/4x3/jm.svg]
[codervent.com/rocker/color-version/assets/flags/1x1/jm.svg]
[codervent.com/rocker/color-version/assets/flags/4x3/jo.svg]
[codervent.com/rocker/color-version/assets/flags/1x1/jo.svg]
[codervent.com/rocker/color-version/assets/flags/4x3/jp.svg]
[codervent.com/rocker/color-version/assets/flags/1x1/jp.svg]
[codervent.com/rocker/color-version/assets/flags/4x3/ke.svg]
[codervent.com/rocker/color-version/assets/flags/1x1/ke.svg]
[codervent.com/rocker/color-version/assets/flags/4x3/kg.svg]
[codervent.com/rocker/color-version/assets/flags/1x1/kg.svg]
[codervent.com/rocker/color-version/assets/flags/4x3/kh.svg]
[codervent.com/rocker/color-version/assets/flags/1x1/kh.svg]
[codervent.com/rocker/color-version/assets/flags/4x3/ki.svg]
[codervent.com/rocker/color-version/assets/flags/1x1/ki.svg]
[codervent.com/rocker/color-version/assets/flags/4x3/km.svg]
[codervent.com/rocker/color-version/assets/flags/1x1/km.svg]
[codervent.com/rocker/color-version/assets/flags/4x3/kn.svg]
[codervent.com/rocker/color-version/assets/flags/1x1/kn.svg]
[codervent.com/rocker/color-version/assets/flags/4x3/kp.svg]
[codervent.com/rocker/color-version/assets/flags/1x1/kp.svg]
[codervent.com/rocker/color-version/assets/flags/4x3/kr.svg]
[codervent.com/rocker/color-version/assets/flags/1x1/kr.svg]
[codervent.com/rocker/color-version/assets/flags/4x3/kw.svg]
[codervent.com/rocker/color-version/assets/flags/1x1/kw.svg]
[codervent.com/rocker/color-version/assets/flags/4x3/ky.svg]
[codervent.com/rocker/color-version/assets/flags/1x1/ky.svg]
[codervent.com/rocker/color-version/assets/flags/4x3/kz.svg]
[codervent.com/rocker/color-version/assets/flags/1x1/kz.svg]
[codervent.com/rocker/color-version/assets/flags/4x3/la.svg]
[codervent.com/rocker/color-version/assets/flags/1x1/la.svg]
[codervent.com/rocker/color-version/assets/flags/4x3/lb.svg]
[codervent.com/rocker/color-version/assets/flags/1x1/lb.svg]
[codervent.com/rocker/color-version/assets/flags/4x3/lc.svg]
[codervent.com/rocker/color-version/assets/flags/1x1/lc.svg]
[codervent.com/rocker/color-version/assets/flags/4x3/li.svg]
[codervent.com/rocker/color-version/assets/flags/1x1/li.svg]
[codervent.com/rocker/color-version/assets/flags/4x3/lk.svg]
[codervent.com/rocker/color-version/assets/flags/1x1/lk.svg]
[codervent.com/rocker/color-version/assets/flags/4x3/lr.svg]
[codervent.com/rocker/color-version/assets/flags/1x1/lr.svg]
[codervent.com/rocker/color-version/assets/flags/4x3/ls.svg]
[codervent.com/rocker/color-version/assets/flags/1x1/ls.svg]
[codervent.com/rocker/color-version/assets/flags/4x3/lt.svg]
[codervent.com/rocker/color-version/assets/flags/1x1/lt.svg]
[codervent.com/rocker/color-version/assets/flags/4x3/lu.svg]
[codervent.com/rocker/color-version/assets/flags/1x1/lu.svg]
[codervent.com/rocker/color-version/assets/flags/4x3/lv.svg]
[codervent.com/rocker/color-version/assets/flags/1x1/lv.svg]
[codervent.com/rocker/color-version/assets/flags/4x3/ly.svg]
[codervent.com/rocker/color-version/assets/flags/1x1/ly.svg]
[codervent.com/rocker/color-version/assets/flags/4x3/ma.svg]
[codervent.com/rocker/color-version/assets/flags/1x1/ma.svg]
[codervent.com/rocker/color-version/assets/flags/4x3/mc.svg]
[codervent.com/rocker/color-version/assets/flags/1x1/mc.svg]
[codervent.com/rocker/color-version/assets/flags/4x3/md.svg]
[codervent.com/rocker/color-version/assets/flags/1x1/md.svg]
[codervent.com/rocker/color-version/assets/flags/4x3/me.svg]
[codervent.com/rocker/color-version/assets/flags/1x1/me.svg]
[codervent.com/rocker/color-version/assets/flags/4x3/mf.svg]
[codervent.com/rocker/color-version/assets/flags/1x1/mf.svg]
[codervent.com/rocker/color-version/assets/flags/4x3/mg.svg]
[codervent.com/rocker/color-version/assets/flags/1x1/mg.svg]
[codervent.com/rocker/color-version/assets/flags/4x3/mh.svg]
[codervent.com/rocker/color-version/assets/flags/1x1/mh.svg]
[codervent.com/rocker/color-version/assets/flags/4x3/mk.svg]
[codervent.com/rocker/color-version/assets/flags/1x1/mk.svg]
[codervent.com/rocker/color-version/assets/flags/4x3/ml.svg]
[codervent.com/rocker/color-version/assets/flags/1x1/ml.svg]
[codervent.com/rocker/color-version/assets/flags/4x3/mm.svg]
[codervent.com/rocker/color-version/assets/flags/1x1/mm.svg]
[codervent.com/rocker/color-version/assets/flags/4x3/mn.svg]
[codervent.com/rocker/color-version/assets/flags/1x1/mn.svg]
[codervent.com/rocker/color-version/assets/flags/4x3/mo.svg]
[codervent.com/rocker/color-version/assets/flags/1x1/mo.svg]
[codervent.com/rocker/color-version/assets/flags/4x3/mp.svg]
[codervent.com/rocker/color-version/assets/flags/1x1/mp.svg]
[codervent.com/rocker/color-version/assets/flags/4x3/mq.svg]
[codervent.com/rocker/color-version/assets/flags/1x1/mq.svg]
[codervent.com/rocker/color-version/assets/flags/4x3/mr.svg]
[codervent.com/rocker/color-version/assets/flags/1x1/mr.svg]
[codervent.com/rocker/color-version/assets/flags/4x3/ms.svg]
[codervent.com/rocker/color-version/assets/flags/1x1/ms.svg]
[codervent.com/rocker/color-version/assets/flags/4x3/mt.svg]
[codervent.com/rocker/color-version/assets/flags/1x1/mt.svg]
[codervent.com/rocker/color-version/assets/flags/4x3/mu.svg]
[codervent.com/rocker/color-version/assets/flags/1x1/mu.svg]
[codervent.com/rocker/color-version/assets/flags/4x3/mv.svg]
[codervent.com/rocker/color-version/assets/flags/1x1/mv.svg]
[codervent.com/rocker/color-version/assets/flags/4x3/mw.svg]
[codervent.com/rocker/color-version/assets/flags/1x1/mw.svg]
[codervent.com/rocker/color-version/assets/flags/4x3/mx.svg]
[codervent.com/rocker/color-version/assets/flags/1x1/mx.svg]
[codervent.com/rocker/color-version/assets/flags/4x3/my.svg]
[codervent.com/rocker/color-version/assets/flags/1x1/my.svg]
[codervent.com/rocker/color-version/assets/flags/4x3/mz.svg]
[codervent.com/rocker/color-version/assets/flags/1x1/mz.svg]
[codervent.com/rocker/color-version/assets/flags/4x3/na.svg]
[codervent.com/rocker/color-version/assets/flags/1x1/na.svg]
[codervent.com/rocker/color-version/assets/flags/4x3/nc.svg]
[codervent.com/rocker/color-version/assets/flags/1x1/nc.svg]
[codervent.com/rocker/color-version/assets/flags/4x3/ne.svg]
[codervent.com/rocker/color-version/assets/flags/1x1/ne.svg]
[codervent.com/rocker/color-version/assets/flags/4x3/nf.svg]
[codervent.com/rocker/color-version/assets/flags/1x1/nf.svg]
[codervent.com/rocker/color-version/assets/flags/4x3/ng.svg]
[codervent.com/rocker/color-version/assets/flags/1x1/ng.svg]
[codervent.com/rocker/color-version/assets/flags/4x3/ni.svg]
[codervent.com/rocker/color-version/assets/flags/1x1/ni.svg]
[codervent.com/rocker/color-version/assets/flags/4x3/nl.svg]
[codervent.com/rocker/color-version/assets/flags/1x1/nl.svg]
[codervent.com/rocker/color-version/assets/flags/4x3/no.svg]
[codervent.com/rocker/color-version/assets/flags/1x1/no.svg]
[codervent.com/rocker/color-version/assets/flags/4x3/np.svg]
[codervent.com/rocker/color-version/assets/flags/1x1/np.svg]
[codervent.com/rocker/color-version/assets/flags/4x3/nr.svg]
[codervent.com/rocker/color-version/assets/flags/1x1/nr.svg]
[codervent.com/rocker/color-version/assets/flags/4x3/nu.svg]
[codervent.com/rocker/color-version/assets/flags/1x1/nu.svg]
[codervent.com/rocker/color-version/assets/flags/4x3/nz.svg]
[codervent.com/rocker/color-version/assets/flags/1x1/nz.svg]
[codervent.com/rocker/color-version/assets/flags/4x3/om.svg]
[codervent.com/rocker/color-version/assets/flags/1x1/om.svg]
[codervent.com/rocker/color-version/assets/flags/4x3/pa.svg]
[codervent.com/rocker/color-version/assets/flags/1x1/pa.svg]
[codervent.com/rocker/color-version/assets/flags/4x3/pe.svg]
[codervent.com/rocker/color-version/assets/flags/1x1/pe.svg]
[codervent.com/rocker/color-version/assets/flags/4x3/pf.svg]
[codervent.com/rocker/color-version/assets/flags/1x1/pf.svg]
[codervent.com/rocker/color-version/assets/flags/4x3/pg.svg]
[codervent.com/rocker/color-version/assets/flags/1x1/pg.svg]
[codervent.com/rocker/color-version/assets/flags/4x3/ph.svg]
[codervent.com/rocker/color-version/assets/flags/1x1/ph.svg]
[codervent.com/rocker/color-version/assets/flags/4x3/pk.svg]
[codervent.com/rocker/color-version/assets/flags/1x1/pk.svg]
[codervent.com/rocker/color-version/assets/flags/4x3/pl.svg]
[codervent.com/rocker/color-version/assets/flags/1x1/pl.svg]
[codervent.com/rocker/color-version/assets/flags/4x3/pm.svg]
[codervent.com/rocker/color-version/assets/flags/1x1/pm.svg]
[codervent.com/rocker/color-version/assets/flags/4x3/pn.svg]
[codervent.com/rocker/color-version/assets/flags/1x1/pn.svg]
[codervent.com/rocker/color-version/assets/flags/4x3/pr.svg]
[codervent.com/rocker/color-version/assets/flags/1x1/pr.svg]
[codervent.com/rocker/color-version/assets/flags/4x3/ps.svg]
[codervent.com/rocker/color-version/assets/flags/1x1/ps.svg]
[codervent.com/rocker/color-version/assets/flags/4x3/pt.svg]
[codervent.com/rocker/color-version/assets/flags/1x1/pt.svg]
[codervent.com/rocker/color-version/assets/flags/4x3/pw.svg]
[codervent.com/rocker/color-version/assets/flags/1x1/pw.svg]
[codervent.com/rocker/color-version/assets/flags/4x3/py.svg]
[codervent.com/rocker/color-version/assets/flags/1x1/py.svg]
[codervent.com/rocker/color-version/assets/flags/4x3/qa.svg]
[codervent.com/rocker/color-version/assets/flags/1x1/qa.svg]
[codervent.com/rocker/color-version/assets/flags/4x3/re.svg]
[codervent.com/rocker/color-version/assets/flags/1x1/re.svg]
[codervent.com/rocker/color-version/assets/flags/4x3/ro.svg]
[codervent.com/rocker/color-version/assets/flags/1x1/ro.svg]
[codervent.com/rocker/color-version/assets/flags/4x3/rs.svg]
[codervent.com/rocker/color-version/assets/flags/1x1/rs.svg]
[codervent.com/rocker/color-version/assets/flags/4x3/ru.svg]
[codervent.com/rocker/color-version/assets/flags/1x1/ru.svg]
[codervent.com/rocker/color-version/assets/flags/4x3/rw.svg]
[codervent.com/rocker/color-version/assets/flags/1x1/rw.svg]
[codervent.com/rocker/color-version/assets/flags/4x3/sa.svg]
[codervent.com/rocker/color-version/assets/flags/1x1/sa.svg]
[codervent.com/rocker/color-version/assets/flags/4x3/sb.svg]
[codervent.com/rocker/color-version/assets/flags/1x1/sb.svg]
[codervent.com/rocker/color-version/assets/flags/4x3/sc.svg]
[codervent.com/rocker/color-version/assets/flags/1x1/sc.svg]
[codervent.com/rocker/color-version/assets/flags/4x3/sd.svg]
[codervent.com/rocker/color-version/assets/flags/1x1/sd.svg]
[codervent.com/rocker/color-version/assets/flags/4x3/se.svg]
[codervent.com/rocker/color-version/assets/flags/1x1/se.svg]
[codervent.com/rocker/color-version/assets/flags/4x3/sg.svg]
[codervent.com/rocker/color-version/assets/flags/1x1/sg.svg]
[codervent.com/rocker/color-version/assets/flags/4x3/sh.svg]
[codervent.com/rocker/color-version/assets/flags/1x1/sh.svg]
[codervent.com/rocker/color-version/assets/flags/4x3/si.svg]
[codervent.com/rocker/color-version/assets/flags/1x1/si.svg]
[codervent.com/rocker/color-version/assets/flags/4x3/sj.svg]
[codervent.com/rocker/color-version/assets/flags/1x1/sj.svg]
[codervent.com/rocker/color-version/assets/flags/4x3/sk.svg]
[codervent.com/rocker/color-version/assets/flags/1x1/sk.svg]
[codervent.com/rocker/color-version/assets/flags/4x3/sl.svg]
[codervent.com/rocker/color-version/assets/flags/1x1/sl.svg]
[codervent.com/rocker/color-version/assets/flags/4x3/sm.svg]
[codervent.com/rocker/color-version/assets/flags/1x1/sm.svg]
[codervent.com/rocker/color-version/assets/flags/4x3/sn.svg]
[codervent.com/rocker/color-version/assets/flags/1x1/sn.svg]
[codervent.com/rocker/color-version/assets/flags/4x3/so.svg]
[codervent.com/rocker/color-version/assets/flags/1x1/so.svg]
[codervent.com/rocker/color-version/assets/flags/4x3/sr.svg]
[codervent.com/rocker/color-version/assets/flags/1x1/sr.svg]
[codervent.com/rocker/color-version/assets/flags/4x3/ss.svg]
[codervent.com/rocker/color-version/assets/flags/1x1/ss.svg]
[codervent.com/rocker/color-version/assets/flags/4x3/st.svg]
[codervent.com/rocker/color-version/assets/flags/1x1/st.svg]
[codervent.com/rocker/color-version/assets/flags/4x3/sv.svg]
[codervent.com/rocker/color-version/assets/flags/1x1/sv.svg]
[codervent.com/rocker/color-version/assets/flags/4x3/sx.svg]
[codervent.com/rocker/color-version/assets/flags/1x1/sx.svg]
[codervent.com/rocker/color-version/assets/flags/4x3/sy.svg]
[codervent.com/rocker/color-version/assets/flags/1x1/sy.svg]
[codervent.com/rocker/color-version/assets/flags/4x3/sz.svg]
[codervent.com/rocker/color-version/assets/flags/1x1/sz.svg]
[codervent.com/rocker/color-version/assets/flags/4x3/tc.svg]
[codervent.com/rocker/color-version/assets/flags/1x1/tc.svg]
[codervent.com/rocker/color-version/assets/flags/4x3/td.svg]
[codervent.com/rocker/color-version/assets/flags/1x1/td.svg]
[codervent.com/rocker/color-version/assets/flags/4x3/tf.svg]
[codervent.com/rocker/color-version/assets/flags/1x1/tf.svg]
[codervent.com/rocker/color-version/assets/flags/4x3/tg.svg]
[codervent.com/rocker/color-version/assets/flags/1x1/tg.svg]
[codervent.com/rocker/color-version/assets/flags/4x3/th.svg]
[codervent.com/rocker/color-version/assets/flags/1x1/th.svg]
[codervent.com/rocker/color-version/assets/flags/4x3/tj.svg]
[codervent.com/rocker/color-version/assets/flags/1x1/tj.svg]
[codervent.com/rocker/color-version/assets/flags/4x3/tk.svg]
[codervent.com/rocker/color-version/assets/flags/1x1/tk.svg]
[codervent.com/rocker/color-version/assets/flags/4x3/tl.svg]
[codervent.com/rocker/color-version/assets/flags/1x1/tl.svg]
[codervent.com/rocker/color-version/assets/flags/4x3/tm.svg]
[codervent.com/rocker/color-version/assets/flags/1x1/tm.svg]
[codervent.com/rocker/color-version/assets/flags/4x3/tn.svg]
[codervent.com/rocker/color-version/assets/flags/1x1/tn.svg]
[codervent.com/rocker/color-version/assets/flags/4x3/to.svg]
[codervent.com/rocker/color-version/assets/flags/1x1/to.svg]
[codervent.com/rocker/color-version/assets/flags/4x3/tr.svg]
[codervent.com/rocker/color-version/assets/flags/1x1/tr.svg]
[codervent.com/rocker/color-version/assets/flags/4x3/tt.svg]
[codervent.com/rocker/color-version/assets/flags/1x1/tt.svg]
[codervent.com/rocker/color-version/assets/flags/4x3/tv.svg]
[codervent.com/rocker/color-version/assets/flags/1x1/tv.svg]
[codervent.com/rocker/color-version/assets/flags/4x3/tw.svg]
[codervent.com/rocker/color-version/assets/flags/1x1/tw.svg]
[codervent.com/rocker/color-version/assets/flags/4x3/tz.svg]
[codervent.com/rocker/color-version/assets/flags/1x1/tz.svg]
[codervent.com/rocker/color-version/assets/flags/4x3/ua.svg]
[codervent.com/rocker/color-version/assets/flags/1x1/ua.svg]
[codervent.com/rocker/color-version/assets/flags/4x3/ug.svg]
[codervent.com/rocker/color-version/assets/flags/1x1/ug.svg]
[codervent.com/rocker/color-version/assets/flags/4x3/um.svg]
[codervent.com/rocker/color-version/assets/flags/1x1/um.svg]
[codervent.com/rocker/color-version/assets/flags/4x3/us.svg]
[codervent.com/rocker/color-version/assets/flags/1x1/us.svg]
[codervent.com/rocker/color-version/assets/flags/4x3/uy.svg]
[codervent.com/rocker/color-version/assets/flags/1x1/uy.svg]
[codervent.com/rocker/color-version/assets/flags/4x3/uz.svg]
[codervent.com/rocker/color-version/assets/flags/1x1/uz.svg]
[codervent.com/rocker/color-version/assets/flags/4x3/va.svg]
[codervent.com/rocker/color-version/assets/flags/1x1/va.svg]
[codervent.com/rocker/color-version/assets/flags/4x3/vc.svg]
[codervent.com/rocker/color-version/assets/flags/1x1/vc.svg]
[codervent.com/rocker/color-version/assets/flags/4x3/ve.svg]
[codervent.com/rocker/color-version/assets/flags/1x1/ve.svg]
[codervent.com/rocker/color-version/assets/flags/4x3/vg.svg]
[codervent.com/rocker/color-version/assets/flags/1x1/vg.svg]
[codervent.com/rocker/color-version/assets/flags/4x3/vi.svg]
[codervent.com/rocker/color-version/assets/flags/1x1/vi.svg]
[codervent.com/rocker/color-version/assets/flags/4x3/vn.svg]
[codervent.com/rocker/color-version/assets/flags/1x1/vn.svg]
[codervent.com/rocker/color-version/assets/flags/4x3/vu.svg]
[codervent.com/rocker/color-version/assets/flags/1x1/vu.svg]
[codervent.com/rocker/color-version/assets/flags/4x3/wf.svg]
[codervent.com/rocker/color-version/assets/flags/1x1/wf.svg]
[codervent.com/rocker/color-version/assets/flags/4x3/ws.svg]
[codervent.com/rocker/color-version/assets/flags/1x1/ws.svg]
[codervent.com/rocker/color-version/assets/flags/4x3/ye.svg]
[codervent.com/rocker/color-version/assets/flags/1x1/ye.svg]
[codervent.com/rocker/color-version/assets/flags/4x3/yt.svg]
[codervent.com/rocker/color-version/assets/flags/1x1/yt.svg]
[codervent.com/rocker/color-version/assets/flags/4x3/za.svg]
[codervent.com/rocker/color-version/assets/flags/1x1/za.svg]
[codervent.com/rocker/color-version/assets/flags/4x3/zm.svg]
[codervent.com/rocker/color-version/assets/flags/1x1/zm.svg]
[codervent.com/rocker/color-version/assets/flags/4x3/zw.svg]
[codervent.com/rocker/color-version/assets/flags/1x1/zw.svg]
[codervent.com/rocker/color-version/assets/flags/4x3/es-ct.svg]
[codervent.com/rocker/color-version/assets/flags/1x1/es-ct.svg]
[codervent.com/rocker/color-version/assets/flags/4x3/eu.svg]
[codervent.com/rocker/color-version/assets/flags/1x1/eu.svg]
[codervent.com/rocker/color-version/assets/flags/4x3/gb-eng.svg]
[codervent.com/rocker/color-version/assets/flags/1x1/gb-eng.svg]
[codervent.com/rocker/color-version/assets/flags/4x3/gb-nir.svg]
[codervent.com/rocker/color-version/assets/flags/1x1/gb-nir.svg]
[codervent.com/rocker/color-version/assets/flags/4x3/gb-sct.svg]
[codervent.com/rocker/color-version/assets/flags/1x1/gb-sct.svg]
[codervent.com/rocker/color-version/assets/flags/4x3/gb-wls.svg]
[codervent.com/rocker/color-version/assets/flags/1x1/gb-wls.svg]
[codervent.com/rocker/color-version/assets/flags/4x3/un.svg]
[codervent.com/rocker/color-version/assets/flags/1x1/un.svg]
[codervent.com/rocker/color-version/assets/plugins/notifications/css/lobibox.min.css]
[codervent.com/rocker/color-version/assets/plugins/fullcalendar/css/fullcalendar.min.css]
[codervent.com/rocker/color-version/assets/plugins/summernote/dist/font/summernote291f291f.eot]
[codervent.com/rocker/color-version/assets/plugins/summernote/dist/font/summernoted41dd41d.eot]
[codervent.com/rocker/color-version/assets/plugins/summernote/dist/summernote-bs4.css]
[codervent.com/rocker/color-version/assets/plugins/nestable/css/nestable.css]
[codervent.com/rocker/color-version/assets/plugins/bootstrap-treeview/css/bootstrap-treeview.min.css]
[codervent.com/rocker/color-version/assets/plugins/switchery/css/switchery.min.css]
[codervent.com/rocker/color-version/assets/plugins/bootstrap-switch/bootstrap-switch.min.css]
[codervent.com/rocker/color-version/assets/plugins/ion-rangeslider/css/ion.rangeSlider.css]
[codervent.com/rocker/color-version/assets/plugins/ion-rangeslider/css/ion.rangeSlider.skinHTML5.css]
[codervent.com/rocker/color-version/assets/plugins/vertical-timeline/css/vertical-timeline.css]
[codervent.com/rocker/color-version/assets/images/timeline/cd-icon-picture.svg]
[codervent.com/rocker/color-version/assets/images/timeline/cd-icon-movie.svg]
[codervent.com/rocker/color-version/assets/images/timeline/cd-icon-location.svg]
[codervent.com/rocker/color-version/assets/plugins/horizontal-timeline/css/horizontal-timeline.css]
[codervent.com/rocker/color-version/assets/plugins/fancybox/css/jquery.fancybox.min.css]
[codervent.com/rocker/color-version/assets/images/gallery/carousel-img-1.png]
[codervent.com/rocker/color-version/assets/images/gallery/carousel-img-2.png]
[codervent.com/rocker/color-version/assets/images/gallery/carousel-img-3.png]
[codervent.com/rocker/color-version/assets/images/gallery/carousel-img-4.png]
[codervent.com/rocker/color-version/assets/images/gallery/carousel-img-5.png]
[codervent.com/rocker/color-version/assets/images/gallery/carousel-img-6.png]
[codervent.com/rocker/color-version/assets/images/gallery/25.jpg]
[codervent.com/rocker/color-version/assets/images/gallery/11.jpg]
[codervent.com/rocker/color-version/assets/plugins/select2/css/select2.min.css]
[codervent.com/rocker/color-version/assets/plugins/inputtags/css/bootstrap-tagsinput.css]
[codervent.com/rocker/color-version/assets/plugins/jquery-multi-select/img/switch.png]
[codervent.com/rocker/color-version/assets/plugins/jquery-multi-select/multi-select.css]
[codervent.com/rocker/color-version/assets/plugins/bootstrap-datepicker/css/bootstrap-datepicker.min.css]
[codervent.com/rocker/color-version/assets/plugins/bootstrap-touchspin/css/jquery.bootstrap-touchspin.css]
[codervent.com/rocker/color-version/assets/plugins/jquery.steps/css/jquery.steps.css]
[codervent.com/rocker/color-version/assets/plugins/dropzone/css/dropzone.css]
[codervent.com/rocker/color-version/.html]
[codervent.com/rocker/color-version/assets/plugins/bootstrap-datatable/css/dataTables.bootstrap4.min.css]
[codervent.com/rocker/color-version/assets/plugins/bootstrap-datatable/css/buttons.bootstrap4.min.css]
[codervent.com/rocker/color-version/assets/plugins/bootstrap-datatable/js/buttons.bootstrap4.min.js]
[codervent.com/rocker/color-version/assets/plugins/bootstrap-datatable/js/jszip.min.js]
[codervent.com/rocker/color-version/assets/plugins/bootstrap-datatable/js/pdfmake.min.js]
[codervent.com/rocker/color-version/assets/plugins/bootstrap-datatable/js/vfs_fonts.js]
[codervent.com/rocker/color-version/assets/plugins/morris/css/morris.css]
[codervent.com/rocker/color-version/assets/plugins/Chart.js/chartjs-script.js]
[codervent.com/rocker/color-version/assets/plugins/flot/jquery.flot.categories.js]
[codervent.com/rocker/color-version/assets/plugins/c3/css/c3.min.css]
[codervent.com/rocker/color-version/assets/plugins/vectormap/jvectormap.custom.js]
[codervent.com/rocker/color-version/assets/images/avatars/avatar-22.png]
[codervent.com/rocker/color-version/assets/plugins/summernote/dist/font/summernote291f291f.woff]
[codervent.com/rocker/color-version/assets/plugins/summernote/dist/font/summernote291f291f.ttf]
[codervent.com/rocker/color-version/assets/images/timeline/cd-arrow.svg]
[codervent.com/rocker/color-version/assets/images/gallery/carousel-img-2.png]
[codervent.com/rocker/color-version/assets/images/gallery/carousel-img-3.png]
[codervent.com/rocker/color-version/assets/images/gallery/carousel-img-6.png]
